<?xml version="1.0" encoding="UTF-8"?>
<!-- Generated by org.testng.reporters.JUnitReportReporter -->
<testsuite hostname="DESKTOP-QVFICS5" failures="0" tests="1" name="com.SecondTestCase.AppTest" time="0.008" errors="0" timestamp="2022-11-29T10:55:12 EST" skipped="0">
  <testcase classname="com.SecondTestCase.AppTest" name="shouldAnswerWithTrue" time="0.008"/>
  <system-out/>
</testsuite> <!-- com.SecondTestCase.AppTest -->
