<?xml version="1.0" encoding="UTF-8"?>
<!-- Generated by org.testng.reporters.JUnitReportReporter -->
<testsuite hostname="DESKTOP-QVFICS5" failures="0" tests="3" name="com.SecondTestCase.LogInTest" time="18.387" errors="0" timestamp="2022-11-30T12:34:39 EST" skipped="0">
  <testcase classname="com.SecondTestCase.LogInTest" name="email" time="7.375"/>
  <system-out/>
  <testcase classname="com.SecondTestCase.LogInTest" name="Login" time="6.233"/>
  <system-out/>
  <testcase classname="com.SecondTestCase.LogInTest" name="weatherLigIN" time="4.779"/>
  <system-out/>
</testsuite> <!-- com.SecondTestCase.LogInTest -->
